Performance Statistics   2018-12-10 11:19:00 - 2018-12-10 11:20:00
Tag                                                  Avg(ms)         Min         Max     Std Dev       Count
AUTHENTICATE                                            20.0          20          20         0.0           1
CREATE_TICKET_GRANTING_TICKET                           35.0          35          35         0.0           1

Performance Statistics   2018-12-10 11:20:00 - 2018-12-10 11:21:00
Tag                                                  Avg(ms)         Min         Max     Std Dev       Count

Performance Statistics   2018-12-10 11:21:00 - 2018-12-10 11:22:00
Tag                                                  Avg(ms)         Min         Max     Std Dev       Count

Performance Statistics   2018-12-10 11:22:00 - 2018-12-10 11:23:00
Tag                                                  Avg(ms)         Min         Max     Std Dev       Count

Performance Statistics   2018-12-10 11:23:00 - 2018-12-10 11:24:00
Tag                                                  Avg(ms)         Min         Max     Std Dev       Count

Performance Statistics   2018-12-10 11:25:00 - 2018-12-10 11:26:00
Tag                                                  Avg(ms)         Min         Max     Std Dev       Count

Performance Statistics   2018-12-10 11:26:00 - 2018-12-10 11:27:00
Tag                                                  Avg(ms)         Min         Max     Std Dev       Count

Performance Statistics   2018-12-10 11:27:00 - 2018-12-10 11:28:00
Tag                                                  Avg(ms)         Min         Max     Std Dev       Count

Performance Statistics   2018-12-10 11:28:00 - 2018-12-10 11:29:00
Tag                                                  Avg(ms)         Min         Max     Std Dev       Count

Performance Statistics   2018-12-10 11:29:00 - 2018-12-10 11:30:00
Tag                                                  Avg(ms)         Min         Max     Std Dev       Count

Performance Statistics   2018-12-10 11:30:00 - 2018-12-10 11:31:00
Tag                                                  Avg(ms)         Min         Max     Std Dev       Count

Performance Statistics   2018-12-10 11:31:00 - 2018-12-10 11:32:00
Tag                                                  Avg(ms)         Min         Max     Std Dev       Count

Performance Statistics   2018-12-10 11:32:00 - 2018-12-10 11:33:00
Tag                                                  Avg(ms)         Min         Max     Std Dev       Count

Performance Statistics   2018-12-10 11:33:00 - 2018-12-10 11:34:00
Tag                                                  Avg(ms)         Min         Max     Std Dev       Count

Performance Statistics   2018-12-10 11:34:00 - 2018-12-10 11:35:00
Tag                                                  Avg(ms)         Min         Max     Std Dev       Count

Performance Statistics   2018-12-10 11:35:00 - 2018-12-10 11:36:00
Tag                                                  Avg(ms)         Min         Max     Std Dev       Count

Performance Statistics   2018-12-10 11:39:00 - 2018-12-10 11:40:00
Tag                                                  Avg(ms)         Min         Max     Std Dev       Count
AUTHENTICATE                                            21.0          21          21         0.0           1
CREATE_TICKET_GRANTING_TICKET                           32.0          32          32         0.0           1

Performance Statistics   2018-12-10 11:40:00 - 2018-12-10 11:41:00
Tag                                                  Avg(ms)         Min         Max     Std Dev       Count

Performance Statistics   2018-12-10 11:41:00 - 2018-12-10 11:42:00
Tag                                                  Avg(ms)         Min         Max     Std Dev       Count

Performance Statistics   2018-12-10 11:42:00 - 2018-12-10 11:43:00
Tag                                                  Avg(ms)         Min         Max     Std Dev       Count

Performance Statistics   2018-12-10 11:43:00 - 2018-12-10 11:44:00
Tag                                                  Avg(ms)         Min         Max     Std Dev       Count

Performance Statistics   2018-12-10 11:45:00 - 2018-12-10 11:46:00
Tag                                                  Avg(ms)         Min         Max     Std Dev       Count
AUTHENTICATE                                            15.0          15          15         0.0           1
CREATE_TICKET_GRANTING_TICKET                           22.0          22          22         0.0           1

Performance Statistics   2018-12-10 11:46:00 - 2018-12-10 11:47:00
Tag                                                  Avg(ms)         Min         Max     Std Dev       Count

Performance Statistics   2018-12-10 11:47:00 - 2018-12-10 11:48:00
Tag                                                  Avg(ms)         Min         Max     Std Dev       Count

Performance Statistics   2018-12-10 11:48:00 - 2018-12-10 11:49:00
Tag                                                  Avg(ms)         Min         Max     Std Dev       Count

Performance Statistics   2018-12-10 11:49:00 - 2018-12-10 11:50:00
Tag                                                  Avg(ms)         Min         Max     Std Dev       Count

Performance Statistics   2018-12-10 11:50:00 - 2018-12-10 11:51:00
Tag                                                  Avg(ms)         Min         Max     Std Dev       Count

Performance Statistics   2018-12-10 11:51:00 - 2018-12-10 11:52:00
Tag                                                  Avg(ms)         Min         Max     Std Dev       Count

Performance Statistics   2018-12-10 11:52:00 - 2018-12-10 11:53:00
Tag                                                  Avg(ms)         Min         Max     Std Dev       Count

Performance Statistics   2018-12-10 11:53:00 - 2018-12-10 11:54:00
Tag                                                  Avg(ms)         Min         Max     Std Dev       Count

Performance Statistics   2018-12-10 11:54:00 - 2018-12-10 11:55:00
Tag                                                  Avg(ms)         Min         Max     Std Dev       Count

Performance Statistics   2018-12-10 11:55:00 - 2018-12-10 11:56:00
Tag                                                  Avg(ms)         Min         Max     Std Dev       Count

Performance Statistics   2018-12-10 11:56:00 - 2018-12-10 11:57:00
Tag                                                  Avg(ms)         Min         Max     Std Dev       Count

Performance Statistics   2018-12-10 11:57:00 - 2018-12-10 11:58:00
Tag                                                  Avg(ms)         Min         Max     Std Dev       Count

Performance Statistics   2018-12-10 11:58:00 - 2018-12-10 11:59:00
Tag                                                  Avg(ms)         Min         Max     Std Dev       Count

Performance Statistics   2018-12-10 11:59:00 - 2018-12-10 12:00:00
Tag                                                  Avg(ms)         Min         Max     Std Dev       Count

Performance Statistics   2018-12-10 12:00:00 - 2018-12-10 12:01:00
Tag                                                  Avg(ms)         Min         Max     Std Dev       Count

Performance Statistics   2018-12-10 12:01:00 - 2018-12-10 12:02:00
Tag                                                  Avg(ms)         Min         Max     Std Dev       Count

Performance Statistics   2018-12-10 12:11:00 - 2018-12-10 12:12:00
Tag                                                  Avg(ms)         Min         Max     Std Dev       Count
AUTHENTICATE                                            16.0          16          16         0.0           1
CREATE_TICKET_GRANTING_TICKET                           26.0          26          26         0.0           1

Performance Statistics   2018-12-10 14:31:00 - 2018-12-10 14:32:00
Tag                                                  Avg(ms)         Min         Max     Std Dev       Count
AUTHENTICATE                                            33.0          33          33         0.0           1
CREATE_TICKET_GRANTING_TICKET                           48.0          48          48         0.0           1

Performance Statistics   2018-12-10 14:32:00 - 2018-12-10 14:33:00
Tag                                                  Avg(ms)         Min         Max     Std Dev       Count

Performance Statistics   2018-12-10 14:33:00 - 2018-12-10 14:34:00
Tag                                                  Avg(ms)         Min         Max     Std Dev       Count

Performance Statistics   2018-12-10 14:34:00 - 2018-12-10 14:35:00
Tag                                                  Avg(ms)         Min         Max     Std Dev       Count

Performance Statistics   2018-12-10 14:35:00 - 2018-12-10 14:36:00
Tag                                                  Avg(ms)         Min         Max     Std Dev       Count

Performance Statistics   2018-12-10 14:36:00 - 2018-12-10 14:37:00
Tag                                                  Avg(ms)         Min         Max     Std Dev       Count

Performance Statistics   2018-12-10 14:37:00 - 2018-12-10 14:38:00
Tag                                                  Avg(ms)         Min         Max     Std Dev       Count

Performance Statistics   2018-12-10 14:38:00 - 2018-12-10 14:39:00
Tag                                                  Avg(ms)         Min         Max     Std Dev       Count

Performance Statistics   2018-12-10 14:39:00 - 2018-12-10 14:40:00
Tag                                                  Avg(ms)         Min         Max     Std Dev       Count

Performance Statistics   2018-12-10 14:40:00 - 2018-12-10 14:41:00
Tag                                                  Avg(ms)         Min         Max     Std Dev       Count

Performance Statistics   2018-12-10 14:41:00 - 2018-12-10 14:42:00
Tag                                                  Avg(ms)         Min         Max     Std Dev       Count

Performance Statistics   2018-12-10 14:42:00 - 2018-12-10 14:43:00
Tag                                                  Avg(ms)         Min         Max     Std Dev       Count

Performance Statistics   2018-12-10 14:43:00 - 2018-12-10 14:44:00
Tag                                                  Avg(ms)         Min         Max     Std Dev       Count

Performance Statistics   2018-12-10 14:44:00 - 2018-12-10 14:45:00
Tag                                                  Avg(ms)         Min         Max     Std Dev       Count

Performance Statistics   2018-12-10 14:45:00 - 2018-12-10 14:46:00
Tag                                                  Avg(ms)         Min         Max     Std Dev       Count

Performance Statistics   2018-12-10 14:46:00 - 2018-12-10 14:47:00
Tag                                                  Avg(ms)         Min         Max     Std Dev       Count

Performance Statistics   2018-12-10 14:47:00 - 2018-12-10 14:48:00
Tag                                                  Avg(ms)         Min         Max     Std Dev       Count

Performance Statistics   2018-12-10 14:48:00 - 2018-12-10 14:49:00
Tag                                                  Avg(ms)         Min         Max     Std Dev       Count

Performance Statistics   2018-12-10 14:49:00 - 2018-12-10 14:50:00
Tag                                                  Avg(ms)         Min         Max     Std Dev       Count

Performance Statistics   2018-12-10 14:50:00 - 2018-12-10 14:51:00
Tag                                                  Avg(ms)         Min         Max     Std Dev       Count

Performance Statistics   2018-12-10 14:51:00 - 2018-12-10 14:52:00
Tag                                                  Avg(ms)         Min         Max     Std Dev       Count

Performance Statistics   2018-12-10 14:52:00 - 2018-12-10 14:53:00
Tag                                                  Avg(ms)         Min         Max     Std Dev       Count

Performance Statistics   2018-12-10 14:53:00 - 2018-12-10 14:54:00
Tag                                                  Avg(ms)         Min         Max     Std Dev       Count

Performance Statistics   2018-12-10 14:54:00 - 2018-12-10 14:55:00
Tag                                                  Avg(ms)         Min         Max     Std Dev       Count

Performance Statistics   2018-12-10 14:55:00 - 2018-12-10 14:56:00
Tag                                                  Avg(ms)         Min         Max     Std Dev       Count

Performance Statistics   2018-12-10 14:56:00 - 2018-12-10 14:57:00
Tag                                                  Avg(ms)         Min         Max     Std Dev       Count

Performance Statistics   2018-12-10 14:57:00 - 2018-12-10 14:58:00
Tag                                                  Avg(ms)         Min         Max     Std Dev       Count

Performance Statistics   2018-12-10 14:58:00 - 2018-12-10 14:59:00
Tag                                                  Avg(ms)         Min         Max     Std Dev       Count

Performance Statistics   2018-12-10 14:59:00 - 2018-12-10 15:00:00
Tag                                                  Avg(ms)         Min         Max     Std Dev       Count

Performance Statistics   2018-12-10 15:00:00 - 2018-12-10 15:01:00
Tag                                                  Avg(ms)         Min         Max     Std Dev       Count

Performance Statistics   2018-12-10 15:01:00 - 2018-12-10 15:02:00
Tag                                                  Avg(ms)         Min         Max     Std Dev       Count

Performance Statistics   2018-12-10 15:02:00 - 2018-12-10 15:03:00
Tag                                                  Avg(ms)         Min         Max     Std Dev       Count

Performance Statistics   2018-12-10 15:03:00 - 2018-12-10 15:04:00
Tag                                                  Avg(ms)         Min         Max     Std Dev       Count

Performance Statistics   2018-12-10 15:04:00 - 2018-12-10 15:05:00
Tag                                                  Avg(ms)         Min         Max     Std Dev       Count

Performance Statistics   2018-12-10 15:05:00 - 2018-12-10 15:06:00
Tag                                                  Avg(ms)         Min         Max     Std Dev       Count

Performance Statistics   2018-12-10 15:06:00 - 2018-12-10 15:07:00
Tag                                                  Avg(ms)         Min         Max     Std Dev       Count

Performance Statistics   2018-12-10 15:07:00 - 2018-12-10 15:08:00
Tag                                                  Avg(ms)         Min         Max     Std Dev       Count

Performance Statistics   2018-12-10 15:08:00 - 2018-12-10 15:09:00
Tag                                                  Avg(ms)         Min         Max     Std Dev       Count

Performance Statistics   2018-12-10 15:09:00 - 2018-12-10 15:10:00
Tag                                                  Avg(ms)         Min         Max     Std Dev       Count

Performance Statistics   2018-12-10 15:10:00 - 2018-12-10 15:11:00
Tag                                                  Avg(ms)         Min         Max     Std Dev       Count

Performance Statistics   2018-12-10 15:11:00 - 2018-12-10 15:12:00
Tag                                                  Avg(ms)         Min         Max     Std Dev       Count

Performance Statistics   2018-12-10 15:12:00 - 2018-12-10 15:13:00
Tag                                                  Avg(ms)         Min         Max     Std Dev       Count

Performance Statistics   2018-12-10 15:13:00 - 2018-12-10 15:14:00
Tag                                                  Avg(ms)         Min         Max     Std Dev       Count

Performance Statistics   2018-12-10 15:14:00 - 2018-12-10 15:15:00
Tag                                                  Avg(ms)         Min         Max     Std Dev       Count

Performance Statistics   2018-12-10 15:15:00 - 2018-12-10 15:16:00
Tag                                                  Avg(ms)         Min         Max     Std Dev       Count

Performance Statistics   2018-12-10 15:16:00 - 2018-12-10 15:17:00
Tag                                                  Avg(ms)         Min         Max     Std Dev       Count

Performance Statistics   2018-12-10 15:17:00 - 2018-12-10 15:18:00
Tag                                                  Avg(ms)         Min         Max     Std Dev       Count

Performance Statistics   2018-12-10 15:18:00 - 2018-12-10 15:19:00
Tag                                                  Avg(ms)         Min         Max     Std Dev       Count

Performance Statistics   2018-12-10 15:19:00 - 2018-12-10 15:20:00
Tag                                                  Avg(ms)         Min         Max     Std Dev       Count

Performance Statistics   2018-12-10 15:20:00 - 2018-12-10 15:21:00
Tag                                                  Avg(ms)         Min         Max     Std Dev       Count

Performance Statistics   2018-12-10 15:21:00 - 2018-12-10 15:22:00
Tag                                                  Avg(ms)         Min         Max     Std Dev       Count

Performance Statistics   2018-12-10 15:22:00 - 2018-12-10 15:23:00
Tag                                                  Avg(ms)         Min         Max     Std Dev       Count
GRANT_SERVICE_TICKET                                     6.0           4           8         2.0           2
VALIDATE_SERVICE_TICKET                                  3.5           1           6         2.5           2

Performance Statistics   2018-12-10 15:23:00 - 2018-12-10 15:24:00
Tag                                                  Avg(ms)         Min         Max     Std Dev       Count
GRANT_SERVICE_TICKET                                     1.0           1           1         0.0           1
VALIDATE_SERVICE_TICKET                                  1.0           1           1         0.0           1

Performance Statistics   2018-12-10 15:24:00 - 2018-12-10 15:25:00
Tag                                                  Avg(ms)         Min         Max     Std Dev       Count
AUTHENTICATE                                             1.0           1           1         0.0           1
CREATE_TICKET_GRANTING_TICKET                            2.0           2           2         0.0           1
DESTROY_TICKET_GRANTING_TICKET                          11.0          11          11         0.0           1
GRANT_SERVICE_TICKET                                     9.0           9           9         0.0           1
VALIDATE_SERVICE_TICKET                                  2.0           2           2         0.0           1

Performance Statistics   2018-12-10 15:25:00 - 2018-12-10 15:26:00
Tag                                                  Avg(ms)         Min         Max     Std Dev       Count

Performance Statistics   2018-12-10 15:26:00 - 2018-12-10 15:27:00
Tag                                                  Avg(ms)         Min         Max     Std Dev       Count
DESTROY_TICKET_GRANTING_TICKET                           4.0           4           4         0.0           1

Performance Statistics   2018-12-10 15:27:00 - 2018-12-10 15:28:00
Tag                                                  Avg(ms)         Min         Max     Std Dev       Count

Performance Statistics   2018-12-10 15:28:00 - 2018-12-10 15:29:00
Tag                                                  Avg(ms)         Min         Max     Std Dev       Count

Performance Statistics   2018-12-10 15:29:00 - 2018-12-10 15:30:00
Tag                                                  Avg(ms)         Min         Max     Std Dev       Count

Performance Statistics   2018-12-10 15:30:00 - 2018-12-10 15:31:00
Tag                                                  Avg(ms)         Min         Max     Std Dev       Count

Performance Statistics   2018-12-10 15:31:00 - 2018-12-10 15:32:00
Tag                                                  Avg(ms)         Min         Max     Std Dev       Count

Performance Statistics   2018-12-10 15:32:00 - 2018-12-10 15:33:00
Tag                                                  Avg(ms)         Min         Max     Std Dev       Count

Performance Statistics   2018-12-10 15:33:00 - 2018-12-10 15:34:00
Tag                                                  Avg(ms)         Min         Max     Std Dev       Count

Performance Statistics   2018-12-10 15:34:00 - 2018-12-10 15:35:00
Tag                                                  Avg(ms)         Min         Max     Std Dev       Count

Performance Statistics   2018-12-10 15:35:00 - 2018-12-10 15:36:00
Tag                                                  Avg(ms)         Min         Max     Std Dev       Count

Performance Statistics   2018-12-10 15:36:00 - 2018-12-10 15:37:00
Tag                                                  Avg(ms)         Min         Max     Std Dev       Count

Performance Statistics   2018-12-10 15:37:00 - 2018-12-10 15:38:00
Tag                                                  Avg(ms)         Min         Max     Std Dev       Count

Performance Statistics   2018-12-10 15:38:00 - 2018-12-10 15:39:00
Tag                                                  Avg(ms)         Min         Max     Std Dev       Count

Performance Statistics   2018-12-10 15:39:00 - 2018-12-10 15:40:00
Tag                                                  Avg(ms)         Min         Max     Std Dev       Count

Performance Statistics   2018-12-10 15:40:00 - 2018-12-10 15:41:00
Tag                                                  Avg(ms)         Min         Max     Std Dev       Count

Performance Statistics   2018-12-10 15:41:00 - 2018-12-10 15:42:00
Tag                                                  Avg(ms)         Min         Max     Std Dev       Count

Performance Statistics   2018-12-10 15:42:00 - 2018-12-10 15:43:00
Tag                                                  Avg(ms)         Min         Max     Std Dev       Count

Performance Statistics   2018-12-10 15:43:00 - 2018-12-10 15:44:00
Tag                                                  Avg(ms)         Min         Max     Std Dev       Count

Performance Statistics   2018-12-10 15:44:00 - 2018-12-10 15:45:00
Tag                                                  Avg(ms)         Min         Max     Std Dev       Count

Performance Statistics   2018-12-10 15:45:00 - 2018-12-10 15:46:00
Tag                                                  Avg(ms)         Min         Max     Std Dev       Count

Performance Statistics   2018-12-10 15:46:00 - 2018-12-10 15:47:00
Tag                                                  Avg(ms)         Min         Max     Std Dev       Count

Performance Statistics   2018-12-10 15:47:00 - 2018-12-10 15:48:00
Tag                                                  Avg(ms)         Min         Max     Std Dev       Count

Performance Statistics   2018-12-10 15:48:00 - 2018-12-10 15:49:00
Tag                                                  Avg(ms)         Min         Max     Std Dev       Count

Performance Statistics   2018-12-10 15:49:00 - 2018-12-10 15:50:00
Tag                                                  Avg(ms)         Min         Max     Std Dev       Count

Performance Statistics   2018-12-10 15:50:00 - 2018-12-10 15:51:00
Tag                                                  Avg(ms)         Min         Max     Std Dev       Count

Performance Statistics   2018-12-10 15:51:00 - 2018-12-10 15:52:00
Tag                                                  Avg(ms)         Min         Max     Std Dev       Count

Performance Statistics   2018-12-10 15:52:00 - 2018-12-10 15:53:00
Tag                                                  Avg(ms)         Min         Max     Std Dev       Count

Performance Statistics   2018-12-10 15:53:00 - 2018-12-10 15:54:00
Tag                                                  Avg(ms)         Min         Max     Std Dev       Count

Performance Statistics   2018-12-10 15:54:00 - 2018-12-10 15:55:00
Tag                                                  Avg(ms)         Min         Max     Std Dev       Count

Performance Statistics   2018-12-10 15:55:00 - 2018-12-10 15:56:00
Tag                                                  Avg(ms)         Min         Max     Std Dev       Count

Performance Statistics   2018-12-10 15:56:00 - 2018-12-10 15:57:00
Tag                                                  Avg(ms)         Min         Max     Std Dev       Count

Performance Statistics   2018-12-10 15:57:00 - 2018-12-10 15:58:00
Tag                                                  Avg(ms)         Min         Max     Std Dev       Count

Performance Statistics   2018-12-10 15:58:00 - 2018-12-10 15:59:00
Tag                                                  Avg(ms)         Min         Max     Std Dev       Count

Performance Statistics   2018-12-10 16:01:00 - 2018-12-10 16:02:00
Tag                                                  Avg(ms)         Min         Max     Std Dev       Count
AUTHENTICATE                                            10.0          10          10         0.0           1
CREATE_TICKET_GRANTING_TICKET                           16.0          16          16         0.0           1
GRANT_SERVICE_TICKET                                     5.0           2           8         3.0           2
VALIDATE_SERVICE_TICKET                                 22.0          22          22         0.0           1

Performance Statistics   2018-12-10 16:03:00 - 2018-12-10 16:04:00
Tag                                                  Avg(ms)         Min         Max     Std Dev       Count

Performance Statistics   2018-12-10 16:04:00 - 2018-12-10 16:05:00
Tag                                                  Avg(ms)         Min         Max     Std Dev       Count
AUTHENTICATE                                             7.0           7           7         0.0           1
CREATE_TICKET_GRANTING_TICKET                           11.0          11          11         0.0           1
DESTROY_TICKET_GRANTING_TICKET                           6.0           6           6         0.0           1
GRANT_SERVICE_TICKET                                    12.5           2          23        10.5           2
VALIDATE_SERVICE_TICKET                                  5.5           1          10         4.5           2

Performance Statistics   2018-12-10 16:05:00 - 2018-12-10 16:06:00
Tag                                                  Avg(ms)         Min         Max     Std Dev       Count
GRANT_SERVICE_TICKET                                     1.3           1           2         0.4           4
VALIDATE_SERVICE_TICKET                                  0.7           0           2         0.9           3

Performance Statistics   2018-12-10 16:06:00 - 2018-12-10 16:07:00
Tag                                                  Avg(ms)         Min         Max     Std Dev       Count

Performance Statistics   2018-12-10 16:07:00 - 2018-12-10 16:08:00
Tag                                                  Avg(ms)         Min         Max     Std Dev       Count

Performance Statistics   2018-12-10 16:08:00 - 2018-12-10 16:09:00
Tag                                                  Avg(ms)         Min         Max     Std Dev       Count

Performance Statistics   2018-12-10 16:09:00 - 2018-12-10 16:10:00
Tag                                                  Avg(ms)         Min         Max     Std Dev       Count

Performance Statistics   2018-12-10 16:10:00 - 2018-12-10 16:11:00
Tag                                                  Avg(ms)         Min         Max     Std Dev       Count

Performance Statistics   2018-12-10 16:11:00 - 2018-12-10 16:12:00
Tag                                                  Avg(ms)         Min         Max     Std Dev       Count

Performance Statistics   2018-12-10 16:12:00 - 2018-12-10 16:13:00
Tag                                                  Avg(ms)         Min         Max     Std Dev       Count

Performance Statistics   2018-12-10 16:13:00 - 2018-12-10 16:14:00
Tag                                                  Avg(ms)         Min         Max     Std Dev       Count

Performance Statistics   2018-12-10 16:14:00 - 2018-12-10 16:15:00
Tag                                                  Avg(ms)         Min         Max     Std Dev       Count

Performance Statistics   2018-12-10 16:15:00 - 2018-12-10 16:16:00
Tag                                                  Avg(ms)         Min         Max     Std Dev       Count

Performance Statistics   2018-12-10 16:16:00 - 2018-12-10 16:17:00
Tag                                                  Avg(ms)         Min         Max     Std Dev       Count

Performance Statistics   2018-12-10 16:17:00 - 2018-12-10 16:18:00
Tag                                                  Avg(ms)         Min         Max     Std Dev       Count

Performance Statistics   2018-12-10 16:18:00 - 2018-12-10 16:19:00
Tag                                                  Avg(ms)         Min         Max     Std Dev       Count

Performance Statistics   2018-12-10 16:19:00 - 2018-12-10 16:20:00
Tag                                                  Avg(ms)         Min         Max     Std Dev       Count

Performance Statistics   2018-12-10 16:22:00 - 2018-12-10 16:23:00
Tag                                                  Avg(ms)         Min         Max     Std Dev       Count

Performance Statistics   2018-12-10 16:23:00 - 2018-12-10 16:24:00
Tag                                                  Avg(ms)         Min         Max     Std Dev       Count

Performance Statistics   2018-12-10 16:24:00 - 2018-12-10 16:25:00
Tag                                                  Avg(ms)         Min         Max     Std Dev       Count

Performance Statistics   2018-12-10 16:25:00 - 2018-12-10 16:26:00
Tag                                                  Avg(ms)         Min         Max     Std Dev       Count
AUTHENTICATE                                           296.7           3         809       363.6           3
CREATE_TICKET_GRANTING_TICKET                          302.0           4         813       363.0           3
GRANT_SERVICE_TICKET                                     5.0           5           5         0.0           2
VALIDATE_SERVICE_TICKET                                 12.5           1          24        11.5           2

Performance Statistics   2018-12-10 16:26:00 - 2018-12-10 16:27:00
Tag                                                  Avg(ms)         Min         Max     Std Dev       Count
DESTROY_TICKET_GRANTING_TICKET                          37.0          37          37         0.0           1

Performance Statistics   2018-12-10 16:27:00 - 2018-12-10 16:28:00
Tag                                                  Avg(ms)         Min         Max     Std Dev       Count

Performance Statistics   2018-12-10 16:28:00 - 2018-12-10 16:29:00
Tag                                                  Avg(ms)         Min         Max     Std Dev       Count

Performance Statistics   2018-12-10 16:29:00 - 2018-12-10 16:30:00
Tag                                                  Avg(ms)         Min         Max     Std Dev       Count

Performance Statistics   2018-12-10 16:30:00 - 2018-12-10 16:31:00
Tag                                                  Avg(ms)         Min         Max     Std Dev       Count

Performance Statistics   2018-12-10 16:31:00 - 2018-12-10 16:32:00
Tag                                                  Avg(ms)         Min         Max     Std Dev       Count

Performance Statistics   2018-12-10 16:32:00 - 2018-12-10 16:33:00
Tag                                                  Avg(ms)         Min         Max     Std Dev       Count

Performance Statistics   2018-12-10 16:33:00 - 2018-12-10 16:34:00
Tag                                                  Avg(ms)         Min         Max     Std Dev       Count

Performance Statistics   2018-12-10 16:34:00 - 2018-12-10 16:35:00
Tag                                                  Avg(ms)         Min         Max     Std Dev       Count

Performance Statistics   2018-12-10 16:35:00 - 2018-12-10 16:36:00
Tag                                                  Avg(ms)         Min         Max     Std Dev       Count

Performance Statistics   2018-12-10 16:36:00 - 2018-12-10 16:37:00
Tag                                                  Avg(ms)         Min         Max     Std Dev       Count

Performance Statistics   2018-12-10 16:37:00 - 2018-12-10 16:38:00
Tag                                                  Avg(ms)         Min         Max     Std Dev       Count

Performance Statistics   2018-12-10 16:38:00 - 2018-12-10 16:39:00
Tag                                                  Avg(ms)         Min         Max     Std Dev       Count

Performance Statistics   2018-12-10 16:39:00 - 2018-12-10 16:40:00
Tag                                                  Avg(ms)         Min         Max     Std Dev       Count

Performance Statistics   2018-12-10 16:40:00 - 2018-12-10 16:41:00
Tag                                                  Avg(ms)         Min         Max     Std Dev       Count

Performance Statistics   2018-12-10 16:41:00 - 2018-12-10 16:42:00
Tag                                                  Avg(ms)         Min         Max     Std Dev       Count

Performance Statistics   2018-12-10 16:42:00 - 2018-12-10 16:43:00
Tag                                                  Avg(ms)         Min         Max     Std Dev       Count

Performance Statistics   2018-12-10 16:43:00 - 2018-12-10 16:44:00
Tag                                                  Avg(ms)         Min         Max     Std Dev       Count

Performance Statistics   2018-12-10 16:44:00 - 2018-12-10 16:45:00
Tag                                                  Avg(ms)         Min         Max     Std Dev       Count

Performance Statistics   2018-12-10 16:45:00 - 2018-12-10 16:46:00
Tag                                                  Avg(ms)         Min         Max     Std Dev       Count

Performance Statistics   2018-12-10 16:46:00 - 2018-12-10 16:47:00
Tag                                                  Avg(ms)         Min         Max     Std Dev       Count

Performance Statistics   2018-12-10 16:47:00 - 2018-12-10 16:48:00
Tag                                                  Avg(ms)         Min         Max     Std Dev       Count

Performance Statistics   2018-12-10 16:48:00 - 2018-12-10 16:49:00
Tag                                                  Avg(ms)         Min         Max     Std Dev       Count

Performance Statistics   2018-12-10 16:49:00 - 2018-12-10 16:50:00
Tag                                                  Avg(ms)         Min         Max     Std Dev       Count

Performance Statistics   2018-12-10 16:50:00 - 2018-12-10 16:51:00
Tag                                                  Avg(ms)         Min         Max     Std Dev       Count

Performance Statistics   2018-12-10 16:51:00 - 2018-12-10 16:52:00
Tag                                                  Avg(ms)         Min         Max     Std Dev       Count

Performance Statistics   2018-12-10 16:52:00 - 2018-12-10 16:53:00
Tag                                                  Avg(ms)         Min         Max     Std Dev       Count

Performance Statistics   2018-12-10 16:53:00 - 2018-12-10 16:54:00
Tag                                                  Avg(ms)         Min         Max     Std Dev       Count

Performance Statistics   2018-12-10 16:54:00 - 2018-12-10 16:55:00
Tag                                                  Avg(ms)         Min         Max     Std Dev       Count

Performance Statistics   2018-12-10 16:55:00 - 2018-12-10 16:56:00
Tag                                                  Avg(ms)         Min         Max     Std Dev       Count

Performance Statistics   2018-12-10 16:56:00 - 2018-12-10 16:57:00
Tag                                                  Avg(ms)         Min         Max     Std Dev       Count

Performance Statistics   2018-12-10 16:57:00 - 2018-12-10 16:58:00
Tag                                                  Avg(ms)         Min         Max     Std Dev       Count

Performance Statistics   2018-12-10 16:58:00 - 2018-12-10 16:59:00
Tag                                                  Avg(ms)         Min         Max     Std Dev       Count

Performance Statistics   2018-12-10 16:59:00 - 2018-12-10 17:00:00
Tag                                                  Avg(ms)         Min         Max     Std Dev       Count

Performance Statistics   2018-12-10 17:00:00 - 2018-12-10 17:01:00
Tag                                                  Avg(ms)         Min         Max     Std Dev       Count

Performance Statistics   2018-12-10 17:01:00 - 2018-12-10 17:02:00
Tag                                                  Avg(ms)         Min         Max     Std Dev       Count

Performance Statistics   2018-12-10 17:02:00 - 2018-12-10 17:03:00
Tag                                                  Avg(ms)         Min         Max     Std Dev       Count

Performance Statistics   2018-12-10 17:03:00 - 2018-12-10 17:04:00
Tag                                                  Avg(ms)         Min         Max     Std Dev       Count

Performance Statistics   2018-12-10 17:04:00 - 2018-12-10 17:05:00
Tag                                                  Avg(ms)         Min         Max     Std Dev       Count

Performance Statistics   2018-12-10 17:05:00 - 2018-12-10 17:06:00
Tag                                                  Avg(ms)         Min         Max     Std Dev       Count

Performance Statistics   2018-12-10 17:06:00 - 2018-12-10 17:07:00
Tag                                                  Avg(ms)         Min         Max     Std Dev       Count

Performance Statistics   2018-12-10 17:07:00 - 2018-12-10 17:08:00
Tag                                                  Avg(ms)         Min         Max     Std Dev       Count

Performance Statistics   2018-12-10 17:08:00 - 2018-12-10 17:09:00
Tag                                                  Avg(ms)         Min         Max     Std Dev       Count

Performance Statistics   2018-12-10 17:09:00 - 2018-12-10 17:10:00
Tag                                                  Avg(ms)         Min         Max     Std Dev       Count

Performance Statistics   2018-12-10 17:10:00 - 2018-12-10 17:11:00
Tag                                                  Avg(ms)         Min         Max     Std Dev       Count

Performance Statistics   2018-12-10 17:11:00 - 2018-12-10 17:12:00
Tag                                                  Avg(ms)         Min         Max     Std Dev       Count

Performance Statistics   2018-12-10 17:12:00 - 2018-12-10 17:13:00
Tag                                                  Avg(ms)         Min         Max     Std Dev       Count

Performance Statistics   2018-12-10 17:13:00 - 2018-12-10 17:14:00
Tag                                                  Avg(ms)         Min         Max     Std Dev       Count

Performance Statistics   2018-12-10 17:14:00 - 2018-12-10 17:15:00
Tag                                                  Avg(ms)         Min         Max     Std Dev       Count

Performance Statistics   2018-12-10 17:15:00 - 2018-12-10 17:16:00
Tag                                                  Avg(ms)         Min         Max     Std Dev       Count

Performance Statistics   2018-12-10 17:16:00 - 2018-12-10 17:17:00
Tag                                                  Avg(ms)         Min         Max     Std Dev       Count

Performance Statistics   2018-12-10 17:17:00 - 2018-12-10 17:18:00
Tag                                                  Avg(ms)         Min         Max     Std Dev       Count

Performance Statistics   2018-12-10 17:18:00 - 2018-12-10 17:19:00
Tag                                                  Avg(ms)         Min         Max     Std Dev       Count

Performance Statistics   2018-12-10 18:15:00 - 2018-12-10 18:16:00
Tag                                                  Avg(ms)         Min         Max     Std Dev       Count

Performance Statistics   2018-12-10 18:16:00 - 2018-12-10 18:17:00
Tag                                                  Avg(ms)         Min         Max     Std Dev       Count

Performance Statistics   2018-12-10 18:17:00 - 2018-12-10 18:18:00
Tag                                                  Avg(ms)         Min         Max     Std Dev       Count

Performance Statistics   2018-12-10 18:18:00 - 2018-12-10 18:19:00
Tag                                                  Avg(ms)         Min         Max     Std Dev       Count

Performance Statistics   2018-12-10 18:19:00 - 2018-12-10 18:20:00
Tag                                                  Avg(ms)         Min         Max     Std Dev       Count

Performance Statistics   2018-12-10 18:20:00 - 2018-12-10 18:21:00
Tag                                                  Avg(ms)         Min         Max     Std Dev       Count

Performance Statistics   2018-12-10 18:21:00 - 2018-12-10 18:22:00
Tag                                                  Avg(ms)         Min         Max     Std Dev       Count

Performance Statistics   2018-12-10 18:22:00 - 2018-12-10 18:23:00
Tag                                                  Avg(ms)         Min         Max     Std Dev       Count

Performance Statistics   2018-12-10 18:23:00 - 2018-12-10 18:24:00
Tag                                                  Avg(ms)         Min         Max     Std Dev       Count

Performance Statistics   2018-12-10 18:24:00 - 2018-12-10 18:25:00
Tag                                                  Avg(ms)         Min         Max     Std Dev       Count

Performance Statistics   2018-12-10 18:25:00 - 2018-12-10 18:26:00
Tag                                                  Avg(ms)         Min         Max     Std Dev       Count

Performance Statistics   2018-12-10 18:26:00 - 2018-12-10 18:27:00
Tag                                                  Avg(ms)         Min         Max     Std Dev       Count

Performance Statistics   2018-12-10 18:27:00 - 2018-12-10 18:28:00
Tag                                                  Avg(ms)         Min         Max     Std Dev       Count

Performance Statistics   2018-12-10 18:28:00 - 2018-12-10 18:29:00
Tag                                                  Avg(ms)         Min         Max     Std Dev       Count

Performance Statistics   2018-12-10 18:29:00 - 2018-12-10 18:30:00
Tag                                                  Avg(ms)         Min         Max     Std Dev       Count

Performance Statistics   2018-12-10 18:30:00 - 2018-12-10 18:31:00
Tag                                                  Avg(ms)         Min         Max     Std Dev       Count

Performance Statistics   2018-12-10 18:31:00 - 2018-12-10 18:32:00
Tag                                                  Avg(ms)         Min         Max     Std Dev       Count

Performance Statistics   2018-12-10 18:32:00 - 2018-12-10 18:33:00
Tag                                                  Avg(ms)         Min         Max     Std Dev       Count

Performance Statistics   2018-12-10 18:33:00 - 2018-12-10 18:34:00
Tag                                                  Avg(ms)         Min         Max     Std Dev       Count

Performance Statistics   2018-12-10 18:36:00 - 2018-12-10 18:37:00
Tag                                                  Avg(ms)         Min         Max     Std Dev       Count
AUTHENTICATE                                           102.3           2         561       205.6           6
CREATE_TICKET_GRANTING_TICKET                          104.7           3         568       207.7           6
DESTROY_TICKET_GRANTING_TICKET                           6.0           6           6         0.0           1
GRANT_SERVICE_TICKET                                     6.0           6           6         0.0           1
VALIDATE_SERVICE_TICKET                                 29.0          29          29         0.0           1

Performance Statistics   2018-12-10 18:37:00 - 2018-12-10 18:38:00
Tag                                                  Avg(ms)         Min         Max     Std Dev       Count
AUTHENTICATE                                             3.0           3           3         0.0           1
CREATE_TICKET_GRANTING_TICKET                            5.0           5           5         0.0           1
GRANT_SERVICE_TICKET                                     1.0           1           1         0.0           1
VALIDATE_SERVICE_TICKET                                  0.0           0           0         0.0           1

Performance Statistics   2018-12-10 18:38:00 - 2018-12-10 18:39:00
Tag                                                  Avg(ms)         Min         Max     Std Dev       Count

Performance Statistics   2018-12-10 18:39:00 - 2018-12-10 18:40:00
Tag                                                  Avg(ms)         Min         Max     Std Dev       Count

Performance Statistics   2018-12-10 18:40:00 - 2018-12-10 18:41:00
Tag                                                  Avg(ms)         Min         Max     Std Dev       Count

Performance Statistics   2018-12-10 18:41:00 - 2018-12-10 18:42:00
Tag                                                  Avg(ms)         Min         Max     Std Dev       Count

Performance Statistics   2018-12-10 18:42:00 - 2018-12-10 18:43:00
Tag                                                  Avg(ms)         Min         Max     Std Dev       Count

Performance Statistics   2018-12-10 18:43:00 - 2018-12-10 18:44:00
Tag                                                  Avg(ms)         Min         Max     Std Dev       Count

Performance Statistics   2018-12-10 18:44:00 - 2018-12-10 18:45:00
Tag                                                  Avg(ms)         Min         Max     Std Dev       Count

Performance Statistics   2018-12-10 18:45:00 - 2018-12-10 18:46:00
Tag                                                  Avg(ms)         Min         Max     Std Dev       Count

Performance Statistics   2018-12-10 18:46:00 - 2018-12-10 18:47:00
Tag                                                  Avg(ms)         Min         Max     Std Dev       Count

Performance Statistics   2018-12-10 18:47:00 - 2018-12-10 18:48:00
Tag                                                  Avg(ms)         Min         Max     Std Dev       Count

Performance Statistics   2018-12-10 18:48:00 - 2018-12-10 18:49:00
Tag                                                  Avg(ms)         Min         Max     Std Dev       Count

Performance Statistics   2018-12-10 18:49:00 - 2018-12-10 18:50:00
Tag                                                  Avg(ms)         Min         Max     Std Dev       Count

Performance Statistics   2018-12-10 18:50:00 - 2018-12-10 18:51:00
Tag                                                  Avg(ms)         Min         Max     Std Dev       Count

Performance Statistics   2018-12-10 18:51:00 - 2018-12-10 18:52:00
Tag                                                  Avg(ms)         Min         Max     Std Dev       Count

Performance Statistics   2018-12-10 18:52:00 - 2018-12-10 18:53:00
Tag                                                  Avg(ms)         Min         Max     Std Dev       Count

Performance Statistics   2018-12-10 18:53:00 - 2018-12-10 18:54:00
Tag                                                  Avg(ms)         Min         Max     Std Dev       Count

Performance Statistics   2018-12-10 18:54:00 - 2018-12-10 18:55:00
Tag                                                  Avg(ms)         Min         Max     Std Dev       Count

Performance Statistics   2018-12-10 18:55:00 - 2018-12-10 18:56:00
Tag                                                  Avg(ms)         Min         Max     Std Dev       Count

Performance Statistics   2018-12-10 18:56:00 - 2018-12-10 18:57:00
Tag                                                  Avg(ms)         Min         Max     Std Dev       Count

Performance Statistics   2018-12-10 18:57:00 - 2018-12-10 18:58:00
Tag                                                  Avg(ms)         Min         Max     Std Dev       Count

Performance Statistics   2018-12-10 18:58:00 - 2018-12-10 18:59:00
Tag                                                  Avg(ms)         Min         Max     Std Dev       Count

Performance Statistics   2018-12-10 18:59:00 - 2018-12-10 19:00:00
Tag                                                  Avg(ms)         Min         Max     Std Dev       Count

Performance Statistics   2018-12-10 19:00:00 - 2018-12-10 19:01:00
Tag                                                  Avg(ms)         Min         Max     Std Dev       Count

Performance Statistics   2018-12-10 19:01:00 - 2018-12-10 19:02:00
Tag                                                  Avg(ms)         Min         Max     Std Dev       Count

Performance Statistics   2018-12-10 19:02:00 - 2018-12-10 19:03:00
Tag                                                  Avg(ms)         Min         Max     Std Dev       Count

Performance Statistics   2018-12-10 19:03:00 - 2018-12-10 19:04:00
Tag                                                  Avg(ms)         Min         Max     Std Dev       Count

Performance Statistics   2018-12-10 19:04:00 - 2018-12-10 19:05:00
Tag                                                  Avg(ms)         Min         Max     Std Dev       Count

Performance Statistics   2018-12-10 19:05:00 - 2018-12-10 19:06:00
Tag                                                  Avg(ms)         Min         Max     Std Dev       Count

Performance Statistics   2018-12-10 19:06:00 - 2018-12-10 19:07:00
Tag                                                  Avg(ms)         Min         Max     Std Dev       Count

Performance Statistics   2018-12-10 19:07:00 - 2018-12-10 19:08:00
Tag                                                  Avg(ms)         Min         Max     Std Dev       Count

Performance Statistics   2018-12-10 19:08:00 - 2018-12-10 19:09:00
Tag                                                  Avg(ms)         Min         Max     Std Dev       Count

Performance Statistics   2018-12-10 19:09:00 - 2018-12-10 19:10:00
Tag                                                  Avg(ms)         Min         Max     Std Dev       Count

Performance Statistics   2018-12-10 19:10:00 - 2018-12-10 19:11:00
Tag                                                  Avg(ms)         Min         Max     Std Dev       Count

Performance Statistics   2018-12-10 19:11:00 - 2018-12-10 19:12:00
Tag                                                  Avg(ms)         Min         Max     Std Dev       Count

Performance Statistics   2018-12-10 19:12:00 - 2018-12-10 19:13:00
Tag                                                  Avg(ms)         Min         Max     Std Dev       Count

Performance Statistics   2018-12-10 19:13:00 - 2018-12-10 19:14:00
Tag                                                  Avg(ms)         Min         Max     Std Dev       Count

Performance Statistics   2018-12-10 19:14:00 - 2018-12-10 19:15:00
Tag                                                  Avg(ms)         Min         Max     Std Dev       Count

Performance Statistics   2018-12-10 19:15:00 - 2018-12-10 19:16:00
Tag                                                  Avg(ms)         Min         Max     Std Dev       Count

Performance Statistics   2018-12-10 19:16:00 - 2018-12-10 19:17:00
Tag                                                  Avg(ms)         Min         Max     Std Dev       Count

Performance Statistics   2018-12-10 19:17:00 - 2018-12-10 19:18:00
Tag                                                  Avg(ms)         Min         Max     Std Dev       Count

Performance Statistics   2018-12-10 19:18:00 - 2018-12-10 19:19:00
Tag                                                  Avg(ms)         Min         Max     Std Dev       Count

Performance Statistics   2018-12-10 19:19:00 - 2018-12-10 19:20:00
Tag                                                  Avg(ms)         Min         Max     Std Dev       Count

Performance Statistics   2018-12-10 19:20:00 - 2018-12-10 19:21:00
Tag                                                  Avg(ms)         Min         Max     Std Dev       Count

Performance Statistics   2018-12-10 19:21:00 - 2018-12-10 19:22:00
Tag                                                  Avg(ms)         Min         Max     Std Dev       Count

Performance Statistics   2018-12-10 19:22:00 - 2018-12-10 19:23:00
Tag                                                  Avg(ms)         Min         Max     Std Dev       Count

Performance Statistics   2018-12-10 19:23:00 - 2018-12-10 19:24:00
Tag                                                  Avg(ms)         Min         Max     Std Dev       Count

Performance Statistics   2018-12-10 19:24:00 - 2018-12-10 19:25:00
Tag                                                  Avg(ms)         Min         Max     Std Dev       Count

Performance Statistics   2018-12-10 19:25:00 - 2018-12-10 19:26:00
Tag                                                  Avg(ms)         Min         Max     Std Dev       Count

Performance Statistics   2018-12-10 19:26:00 - 2018-12-10 19:27:00
Tag                                                  Avg(ms)         Min         Max     Std Dev       Count

Performance Statistics   2018-12-10 19:27:00 - 2018-12-10 19:28:00
Tag                                                  Avg(ms)         Min         Max     Std Dev       Count

Performance Statistics   2018-12-10 19:28:00 - 2018-12-10 19:29:00
Tag                                                  Avg(ms)         Min         Max     Std Dev       Count

Performance Statistics   2018-12-10 19:29:00 - 2018-12-10 19:30:00
Tag                                                  Avg(ms)         Min         Max     Std Dev       Count

Performance Statistics   2018-12-10 19:30:00 - 2018-12-10 19:31:00
Tag                                                  Avg(ms)         Min         Max     Std Dev       Count

Performance Statistics   2018-12-10 19:31:00 - 2018-12-10 19:32:00
Tag                                                  Avg(ms)         Min         Max     Std Dev       Count

Performance Statistics   2018-12-10 19:32:00 - 2018-12-10 19:33:00
Tag                                                  Avg(ms)         Min         Max     Std Dev       Count

Performance Statistics   2018-12-10 19:33:00 - 2018-12-10 19:34:00
Tag                                                  Avg(ms)         Min         Max     Std Dev       Count

Performance Statistics   2018-12-10 19:34:00 - 2018-12-10 19:35:00
Tag                                                  Avg(ms)         Min         Max     Std Dev       Count

Performance Statistics   2018-12-10 19:35:00 - 2018-12-10 19:36:00
Tag                                                  Avg(ms)         Min         Max     Std Dev       Count

Performance Statistics   2018-12-10 19:36:00 - 2018-12-10 19:37:00
Tag                                                  Avg(ms)         Min         Max     Std Dev       Count

Performance Statistics   2018-12-10 19:37:00 - 2018-12-10 19:38:00
Tag                                                  Avg(ms)         Min         Max     Std Dev       Count

Performance Statistics   2018-12-10 19:38:00 - 2018-12-10 19:39:00
Tag                                                  Avg(ms)         Min         Max     Std Dev       Count

Performance Statistics   2018-12-10 19:39:00 - 2018-12-10 19:40:00
Tag                                                  Avg(ms)         Min         Max     Std Dev       Count

Performance Statistics   2018-12-10 19:40:00 - 2018-12-10 19:41:00
Tag                                                  Avg(ms)         Min         Max     Std Dev       Count

Performance Statistics   2018-12-10 19:41:00 - 2018-12-10 19:42:00
Tag                                                  Avg(ms)         Min         Max     Std Dev       Count

Performance Statistics   2018-12-10 19:42:00 - 2018-12-10 19:43:00
Tag                                                  Avg(ms)         Min         Max     Std Dev       Count

Performance Statistics   2018-12-10 19:43:00 - 2018-12-10 19:44:00
Tag                                                  Avg(ms)         Min         Max     Std Dev       Count

Performance Statistics   2018-12-10 19:44:00 - 2018-12-10 19:45:00
Tag                                                  Avg(ms)         Min         Max     Std Dev       Count

Performance Statistics   2018-12-10 19:45:00 - 2018-12-10 19:46:00
Tag                                                  Avg(ms)         Min         Max     Std Dev       Count

Performance Statistics   2018-12-10 19:46:00 - 2018-12-10 19:47:00
Tag                                                  Avg(ms)         Min         Max     Std Dev       Count

Performance Statistics   2018-12-10 19:47:00 - 2018-12-10 19:48:00
Tag                                                  Avg(ms)         Min         Max     Std Dev       Count

Performance Statistics   2018-12-10 19:48:00 - 2018-12-10 19:49:00
Tag                                                  Avg(ms)         Min         Max     Std Dev       Count

Performance Statistics   2018-12-10 19:49:00 - 2018-12-10 19:50:00
Tag                                                  Avg(ms)         Min         Max     Std Dev       Count

Performance Statistics   2018-12-10 19:50:00 - 2018-12-10 19:51:00
Tag                                                  Avg(ms)         Min         Max     Std Dev       Count

Performance Statistics   2018-12-10 19:51:00 - 2018-12-10 19:52:00
Tag                                                  Avg(ms)         Min         Max     Std Dev       Count

Performance Statistics   2018-12-10 19:52:00 - 2018-12-10 19:53:00
Tag                                                  Avg(ms)         Min         Max     Std Dev       Count

Performance Statistics   2018-12-10 19:53:00 - 2018-12-10 19:54:00
Tag                                                  Avg(ms)         Min         Max     Std Dev       Count

Performance Statistics   2018-12-10 19:54:00 - 2018-12-10 19:55:00
Tag                                                  Avg(ms)         Min         Max     Std Dev       Count

Performance Statistics   2018-12-10 19:55:00 - 2018-12-10 19:56:00
Tag                                                  Avg(ms)         Min         Max     Std Dev       Count

Performance Statistics   2018-12-10 19:56:00 - 2018-12-10 19:57:00
Tag                                                  Avg(ms)         Min         Max     Std Dev       Count

Performance Statistics   2018-12-10 19:57:00 - 2018-12-10 19:58:00
Tag                                                  Avg(ms)         Min         Max     Std Dev       Count

Performance Statistics   2018-12-10 19:58:00 - 2018-12-10 19:59:00
Tag                                                  Avg(ms)         Min         Max     Std Dev       Count

Performance Statistics   2018-12-10 19:59:00 - 2018-12-10 20:00:00
Tag                                                  Avg(ms)         Min         Max     Std Dev       Count

Performance Statistics   2018-12-10 20:00:00 - 2018-12-10 20:01:00
Tag                                                  Avg(ms)         Min         Max     Std Dev       Count

Performance Statistics   2018-12-10 20:01:00 - 2018-12-10 20:02:00
Tag                                                  Avg(ms)         Min         Max     Std Dev       Count

Performance Statistics   2018-12-10 20:02:00 - 2018-12-10 20:03:00
Tag                                                  Avg(ms)         Min         Max     Std Dev       Count

Performance Statistics   2018-12-10 20:03:00 - 2018-12-10 20:04:00
Tag                                                  Avg(ms)         Min         Max     Std Dev       Count

Performance Statistics   2018-12-10 20:04:00 - 2018-12-10 20:05:00
Tag                                                  Avg(ms)         Min         Max     Std Dev       Count

Performance Statistics   2018-12-10 20:05:00 - 2018-12-10 20:06:00
Tag                                                  Avg(ms)         Min         Max     Std Dev       Count

Performance Statistics   2018-12-10 20:06:00 - 2018-12-10 20:07:00
Tag                                                  Avg(ms)         Min         Max     Std Dev       Count

Performance Statistics   2018-12-10 20:07:00 - 2018-12-10 20:08:00
Tag                                                  Avg(ms)         Min         Max     Std Dev       Count

Performance Statistics   2018-12-10 20:08:00 - 2018-12-10 20:09:00
Tag                                                  Avg(ms)         Min         Max     Std Dev       Count

Performance Statistics   2018-12-10 20:09:00 - 2018-12-10 20:10:00
Tag                                                  Avg(ms)         Min         Max     Std Dev       Count

Performance Statistics   2018-12-10 20:10:00 - 2018-12-10 20:11:00
Tag                                                  Avg(ms)         Min         Max     Std Dev       Count

Performance Statistics   2018-12-10 20:11:00 - 2018-12-10 20:12:00
Tag                                                  Avg(ms)         Min         Max     Std Dev       Count

Performance Statistics   2018-12-10 20:12:00 - 2018-12-10 20:13:00
Tag                                                  Avg(ms)         Min         Max     Std Dev       Count

Performance Statistics   2018-12-10 20:13:00 - 2018-12-10 20:14:00
Tag                                                  Avg(ms)         Min         Max     Std Dev       Count

Performance Statistics   2018-12-10 20:14:00 - 2018-12-10 20:15:00
Tag                                                  Avg(ms)         Min         Max     Std Dev       Count

Performance Statistics   2018-12-10 20:15:00 - 2018-12-10 20:16:00
Tag                                                  Avg(ms)         Min         Max     Std Dev       Count

Performance Statistics   2018-12-10 20:18:00 - 2018-12-10 20:19:00
Tag                                                  Avg(ms)         Min         Max     Std Dev       Count

Performance Statistics   2018-12-10 20:19:00 - 2018-12-10 20:20:00
Tag                                                  Avg(ms)         Min         Max     Std Dev       Count
AUTHENTICATE                                           350.0           4         696       346.0           2
CREATE_TICKET_GRANTING_TICKET                          352.5           7         698       345.5           2

Performance Statistics   2018-12-10 20:21:00 - 2018-12-10 20:22:00
Tag                                                  Avg(ms)         Min         Max     Std Dev       Count
AUTHENTICATE                                           622.0         622         622         0.0           1
CREATE_TICKET_GRANTING_TICKET                          630.0         630         630         0.0           1
GRANT_SERVICE_TICKET                                     4.0           4           4         0.0           1
VALIDATE_SERVICE_TICKET                                  6.0           6           6         0.0           1

Performance Statistics   2018-12-10 20:22:00 - 2018-12-10 20:23:00
Tag                                                  Avg(ms)         Min         Max     Std Dev       Count
DESTROY_TICKET_GRANTING_TICKET                           6.0           1          11         5.0           2

Performance Statistics   2018-12-10 20:23:00 - 2018-12-10 20:24:00
Tag                                                  Avg(ms)         Min         Max     Std Dev       Count
AUTHENTICATE                                           186.5           3         464       194.5           4
CREATE_TICKET_GRANTING_TICKET                          189.0           4         471       196.6           4
DESTROY_TICKET_GRANTING_TICKET                           2.0           1           3         1.0           2
GRANT_SERVICE_TICKET                                     9.7           1          22         9.0           3
VALIDATE_SERVICE_TICKET                                  7.5           0          15         7.5           2

Performance Statistics   2018-12-10 20:24:00 - 2018-12-10 20:25:00
Tag                                                  Avg(ms)         Min         Max     Std Dev       Count

Performance Statistics   2018-12-10 20:25:00 - 2018-12-10 20:26:00
Tag                                                  Avg(ms)         Min         Max     Std Dev       Count

Performance Statistics   2018-12-10 20:26:00 - 2018-12-10 20:27:00
Tag                                                  Avg(ms)         Min         Max     Std Dev       Count

Performance Statistics   2018-12-10 20:27:00 - 2018-12-10 20:28:00
Tag                                                  Avg(ms)         Min         Max     Std Dev       Count

Performance Statistics   2018-12-10 20:28:00 - 2018-12-10 20:29:00
Tag                                                  Avg(ms)         Min         Max     Std Dev       Count

Performance Statistics   2018-12-10 20:29:00 - 2018-12-10 20:30:00
Tag                                                  Avg(ms)         Min         Max     Std Dev       Count

Performance Statistics   2018-12-10 20:30:00 - 2018-12-10 20:31:00
Tag                                                  Avg(ms)         Min         Max     Std Dev       Count

Performance Statistics   2018-12-10 20:31:00 - 2018-12-10 20:32:00
Tag                                                  Avg(ms)         Min         Max     Std Dev       Count

Performance Statistics   2018-12-10 20:32:00 - 2018-12-10 20:33:00
Tag                                                  Avg(ms)         Min         Max     Std Dev       Count

Performance Statistics   2018-12-10 20:33:00 - 2018-12-10 20:34:00
Tag                                                  Avg(ms)         Min         Max     Std Dev       Count

Performance Statistics   2018-12-10 20:34:00 - 2018-12-10 20:35:00
Tag                                                  Avg(ms)         Min         Max     Std Dev       Count

Performance Statistics   2018-12-10 20:35:00 - 2018-12-10 20:36:00
Tag                                                  Avg(ms)         Min         Max     Std Dev       Count

Performance Statistics   2018-12-10 20:36:00 - 2018-12-10 20:37:00
Tag                                                  Avg(ms)         Min         Max     Std Dev       Count

Performance Statistics   2018-12-10 20:37:00 - 2018-12-10 20:38:00
Tag                                                  Avg(ms)         Min         Max     Std Dev       Count

Performance Statistics   2018-12-10 20:38:00 - 2018-12-10 20:39:00
Tag                                                  Avg(ms)         Min         Max     Std Dev       Count

Performance Statistics   2018-12-10 20:39:00 - 2018-12-10 20:40:00
Tag                                                  Avg(ms)         Min         Max     Std Dev       Count

Performance Statistics   2018-12-10 20:40:00 - 2018-12-10 20:41:00
Tag                                                  Avg(ms)         Min         Max     Std Dev       Count

Performance Statistics   2018-12-10 20:41:00 - 2018-12-10 20:42:00
Tag                                                  Avg(ms)         Min         Max     Std Dev       Count

Performance Statistics   2018-12-10 20:42:00 - 2018-12-10 20:43:00
Tag                                                  Avg(ms)         Min         Max     Std Dev       Count

Performance Statistics   2018-12-10 20:43:00 - 2018-12-10 20:44:00
Tag                                                  Avg(ms)         Min         Max     Std Dev       Count

Performance Statistics   2018-12-10 20:44:00 - 2018-12-10 20:45:00
Tag                                                  Avg(ms)         Min         Max     Std Dev       Count

Performance Statistics   2018-12-10 20:45:00 - 2018-12-10 20:46:00
Tag                                                  Avg(ms)         Min         Max     Std Dev       Count

Performance Statistics   2018-12-10 20:46:00 - 2018-12-10 20:47:00
Tag                                                  Avg(ms)         Min         Max     Std Dev       Count

Performance Statistics   2018-12-10 20:47:00 - 2018-12-10 20:48:00
Tag                                                  Avg(ms)         Min         Max     Std Dev       Count

Performance Statistics   2018-12-10 20:48:00 - 2018-12-10 20:49:00
Tag                                                  Avg(ms)         Min         Max     Std Dev       Count

Performance Statistics   2018-12-10 20:49:00 - 2018-12-10 20:50:00
Tag                                                  Avg(ms)         Min         Max     Std Dev       Count

Performance Statistics   2018-12-10 20:50:00 - 2018-12-10 20:51:00
Tag                                                  Avg(ms)         Min         Max     Std Dev       Count

Performance Statistics   2018-12-10 20:51:00 - 2018-12-10 20:52:00
Tag                                                  Avg(ms)         Min         Max     Std Dev       Count

Performance Statistics   2018-12-10 20:52:00 - 2018-12-10 20:53:00
Tag                                                  Avg(ms)         Min         Max     Std Dev       Count

Performance Statistics   2018-12-10 20:53:00 - 2018-12-10 20:54:00
Tag                                                  Avg(ms)         Min         Max     Std Dev       Count

Performance Statistics   2018-12-10 20:54:00 - 2018-12-10 20:55:00
Tag                                                  Avg(ms)         Min         Max     Std Dev       Count

Performance Statistics   2018-12-10 20:55:00 - 2018-12-10 20:56:00
Tag                                                  Avg(ms)         Min         Max     Std Dev       Count

Performance Statistics   2018-12-10 20:56:00 - 2018-12-10 20:57:00
Tag                                                  Avg(ms)         Min         Max     Std Dev       Count

Performance Statistics   2018-12-10 20:57:00 - 2018-12-10 20:58:00
Tag                                                  Avg(ms)         Min         Max     Std Dev       Count

Performance Statistics   2018-12-10 20:58:00 - 2018-12-10 20:59:00
Tag                                                  Avg(ms)         Min         Max     Std Dev       Count

Performance Statistics   2018-12-10 20:59:00 - 2018-12-10 21:00:00
Tag                                                  Avg(ms)         Min         Max     Std Dev       Count

Performance Statistics   2018-12-10 21:00:00 - 2018-12-10 21:01:00
Tag                                                  Avg(ms)         Min         Max     Std Dev       Count

Performance Statistics   2018-12-10 21:01:00 - 2018-12-10 21:02:00
Tag                                                  Avg(ms)         Min         Max     Std Dev       Count

Performance Statistics   2018-12-10 21:02:00 - 2018-12-10 21:03:00
Tag                                                  Avg(ms)         Min         Max     Std Dev       Count

Performance Statistics   2018-12-10 21:03:00 - 2018-12-10 21:04:00
Tag                                                  Avg(ms)         Min         Max     Std Dev       Count

Performance Statistics   2018-12-10 21:04:00 - 2018-12-10 21:05:00
Tag                                                  Avg(ms)         Min         Max     Std Dev       Count

Performance Statistics   2018-12-10 21:05:00 - 2018-12-10 21:06:00
Tag                                                  Avg(ms)         Min         Max     Std Dev       Count

Performance Statistics   2018-12-10 21:06:00 - 2018-12-10 21:07:00
Tag                                                  Avg(ms)         Min         Max     Std Dev       Count

Performance Statistics   2018-12-10 21:07:00 - 2018-12-10 21:08:00
Tag                                                  Avg(ms)         Min         Max     Std Dev       Count

Performance Statistics   2018-12-10 21:08:00 - 2018-12-10 21:09:00
Tag                                                  Avg(ms)         Min         Max     Std Dev       Count

Performance Statistics   2018-12-10 21:09:00 - 2018-12-10 21:10:00
Tag                                                  Avg(ms)         Min         Max     Std Dev       Count

Performance Statistics   2018-12-10 21:10:00 - 2018-12-10 21:11:00
Tag                                                  Avg(ms)         Min         Max     Std Dev       Count

Performance Statistics   2018-12-10 21:11:00 - 2018-12-10 21:12:00
Tag                                                  Avg(ms)         Min         Max     Std Dev       Count

Performance Statistics   2018-12-10 21:12:00 - 2018-12-10 21:13:00
Tag                                                  Avg(ms)         Min         Max     Std Dev       Count

Performance Statistics   2018-12-10 21:13:00 - 2018-12-10 21:14:00
Tag                                                  Avg(ms)         Min         Max     Std Dev       Count

Performance Statistics   2018-12-10 21:14:00 - 2018-12-10 21:15:00
Tag                                                  Avg(ms)         Min         Max     Std Dev       Count

Performance Statistics   2018-12-10 21:15:00 - 2018-12-10 21:16:00
Tag                                                  Avg(ms)         Min         Max     Std Dev       Count

Performance Statistics   2018-12-10 21:16:00 - 2018-12-10 21:17:00
Tag                                                  Avg(ms)         Min         Max     Std Dev       Count

Performance Statistics   2018-12-10 21:17:00 - 2018-12-10 21:18:00
Tag                                                  Avg(ms)         Min         Max     Std Dev       Count

Performance Statistics   2018-12-10 21:18:00 - 2018-12-10 21:19:00
Tag                                                  Avg(ms)         Min         Max     Std Dev       Count

Performance Statistics   2018-12-10 21:19:00 - 2018-12-10 21:20:00
Tag                                                  Avg(ms)         Min         Max     Std Dev       Count

Performance Statistics   2018-12-10 21:20:00 - 2018-12-10 21:21:00
Tag                                                  Avg(ms)         Min         Max     Std Dev       Count

Performance Statistics   2018-12-10 21:21:00 - 2018-12-10 21:22:00
Tag                                                  Avg(ms)         Min         Max     Std Dev       Count

Performance Statistics   2018-12-10 21:25:00 - 2018-12-10 21:26:00
Tag                                                  Avg(ms)         Min         Max     Std Dev       Count

Performance Statistics   2018-12-10 21:26:00 - 2018-12-10 21:27:00
Tag                                                  Avg(ms)         Min         Max     Std Dev       Count

Performance Statistics   2018-12-10 21:27:00 - 2018-12-10 21:28:00
Tag                                                  Avg(ms)         Min         Max     Std Dev       Count

Performance Statistics   2018-12-10 21:28:00 - 2018-12-10 21:29:00
Tag                                                  Avg(ms)         Min         Max     Std Dev       Count
AUTHENTICATE                                           310.0           6         614       304.0           2
CREATE_TICKET_GRANTING_TICKET                          315.5           9         622       306.5           2
GRANT_SERVICE_TICKET                                     3.8           1           8         2.6           4
VALIDATE_SERVICE_TICKET                                  7.3           1          23         9.2           4

Performance Statistics   2018-12-10 21:29:00 - 2018-12-10 21:30:00
Tag                                                  Avg(ms)         Min         Max     Std Dev       Count

Performance Statistics   2018-12-10 21:30:00 - 2018-12-10 21:31:00
Tag                                                  Avg(ms)         Min         Max     Std Dev       Count

Performance Statistics   2018-12-10 21:31:00 - 2018-12-10 21:32:00
Tag                                                  Avg(ms)         Min         Max     Std Dev       Count

Performance Statistics   2018-12-10 21:32:00 - 2018-12-10 21:33:00
Tag                                                  Avg(ms)         Min         Max     Std Dev       Count

Performance Statistics   2018-12-10 21:33:00 - 2018-12-10 21:34:00
Tag                                                  Avg(ms)         Min         Max     Std Dev       Count

Performance Statistics   2018-12-10 21:34:00 - 2018-12-10 21:35:00
Tag                                                  Avg(ms)         Min         Max     Std Dev       Count

Performance Statistics   2018-12-10 21:35:00 - 2018-12-10 21:36:00
Tag                                                  Avg(ms)         Min         Max     Std Dev       Count

Performance Statistics   2018-12-10 21:36:00 - 2018-12-10 21:37:00
Tag                                                  Avg(ms)         Min         Max     Std Dev       Count

Performance Statistics   2018-12-10 21:37:00 - 2018-12-10 21:38:00
Tag                                                  Avg(ms)         Min         Max     Std Dev       Count

Performance Statistics   2018-12-10 21:40:00 - 2018-12-10 21:41:00
Tag                                                  Avg(ms)         Min         Max     Std Dev       Count
AUTHENTICATE                                           688.0         688         688         0.0           1
CREATE_TICKET_GRANTING_TICKET                          695.0         695         695         0.0           1
DESTROY_TICKET_GRANTING_TICKET                           9.5           7          12         2.5           2
GRANT_SERVICE_TICKET                                     4.0           4           4         0.0           1
VALIDATE_SERVICE_TICKET                                  8.0           8           8         0.0           1

Performance Statistics   2018-12-10 21:41:00 - 2018-12-10 21:42:00
Tag                                                  Avg(ms)         Min         Max     Std Dev       Count

Performance Statistics   2018-12-10 21:42:00 - 2018-12-10 21:43:00
Tag                                                  Avg(ms)         Min         Max     Std Dev       Count

